<?xml version="1.0" encoding="UTF-8"?>
<!-- Generated by org.testng.reporters.JUnitReportReporter -->
<testsuite hostname="LAPTOP-64SSBNLN" failures="0" tests="1" name="com.w2a.testcase.LoginTest" time="3.189" errors="0" timestamp="08 Apr 2024 17:54:09 GMT" skipped="0">
  <testcase classname="com.w2a.testcase.LoginTest" name="loginAsBankManager" time="3.189"/>
</testsuite> <!-- com.w2a.testcase.LoginTest -->
