<?xml version="1.0" encoding="UTF-8"?>
<!-- Generated by org.testng.reporters.JUnitReportReporter -->
<testsuite hostname="LAPTOP-64SSBNLN" failures="0" tests="1" name="com.w2a.testcase.BankManagerLoginTest" time="3.480" errors="0" timestamp="08 Apr 2024 18:34:39 GMT" skipped="0">
  <testcase classname="com.w2a.testcase.BankManagerLoginTest" name="loginAsBankManager" time="3.480"/>
</testsuite> <!-- com.w2a.testcase.BankManagerLoginTest -->
